<component name="libraryTable">
  <library name="junit-4.132">
    <CLASSES>
      <root url="jar://C:/Program Files/Java/junit-4.13.jar!/" />
    </CLASSES>
    <JAVADOC />
    <SOURCES />
  </library>
</component>